// 同步 ID: 0de34641 @ Wed Jul  1 10:24:06 UTC 2026
// 同步 ID: bb3f9aec @ Wed Jul  1 18:42:49 UTC 2026
// 重构日志: 0fc01e4b
// 重构日志: 3cbe8549
// 重构日志: 4ad24dbe
// 重构日志: 68f29e3a
// 重构日志: 877d6c61
// 同步 ID: dc962fc7 @ Sat Jul  4 14:02:09 UTC 2026
// 重构日志: ae96de99
// 重构日志: d3d21377
// 同步 ID: 0105e0dd @ Sun Jul  5 10:49:08 UTC 2026
// 同步 ID: 97b22163 @ Mon Jul  6 17:19:11 UTC 2026
// 同步 ID: f1ffc222 @ Tue Jul  7 01:11:56 UTC 2026
// 同步 ID: 5ab78665 @ Tue Jul  7 05:35:14 UTC 2026
// 同步 ID: a00d386b @ Tue Jul  7 12:31:22 UTC 2026
// 同步 ID: 8cdab3a2 @ Tue Jul  7 23:13:33 UTC 2026
// 同步 ID: 0824b06a @ Wed Jul  8 12:20:00 UTC 2026
// 同步 ID: bef9ecb4 @ Wed Jul  8 14:40:53 UTC 2026
// 重构日志: 571adcbc
// 同步 ID: 08e7d93c @ Fri Jul 10 08:02:16 UTC 2026
// 重构日志: 49f2c777
// 重构日志: 0dc0eae1
// 重构日志: fc48c6e4
// 重构日志: ead9706e
// 重构日志: 4bc08f3c
// 重构日志: c3edca68
// 重构日志: 1bc2ab4c
// 重构日志: 8d1a35bd
// 重构日志: f3c58efa
// 同步 ID: 598b8e60 @ Sun Jul 12 15:15:15 UTC 2026
